<?xml version="1.0" encoding="UTF-8"?>
<!-- Generated by org.testng.reporters.JUnitReportReporter -->
<testsuite hostname="PRATIK" failures="0" tests="1" name="hashMapAsPayload.excelRestAssureIntegration" time="2.516" errors="0" timestamp="2023-03-07T17:15:17 IST" skipped="0">
  <testcase classname="hashMapAsPayload.excelRestAssureIntegration" name="addBook" time="2.516"/>
  <system-out/>
</testsuite> <!-- hashMapAsPayload.excelRestAssureIntegration -->
