<?xml version="1.0" encoding="UTF-8"?>
<!-- Generated by org.testng.reporters.JUnitReportReporter -->
<testsuite hostname="PRATIK" failures="0" tests="1" name="files.DnynamicJson3" time="2.000" errors="0" timestamp="2023-03-02T11:07:09 IST" skipped="0">
  <testcase classname="files.DnynamicJson3" name="extractJsonFromFile" time="2.000"/>
  <system-out/>
</testsuite> <!-- files.DnynamicJson3 -->
