<?xml version="1.0" encoding="UTF-8"?>
<!-- Generated by org.testng.reporters.JUnitReportReporter -->
<testsuite hostname="PRATIK" failures="0" tests="3" name="files.DnynamicJson2" time="3.093" errors="0" timestamp="2023-03-02T10:24:10 IST" skipped="0">
  <testcase classname="files.DnynamicJson2" name="addBook" time="2.665"/>
  <system-out/>
  <testcase classname="files.DnynamicJson2" name="addBook" time="0.254"/>
  <system-out/>
  <testcase classname="files.DnynamicJson2" name="addBook" time="0.174"/>
  <system-out/>
</testsuite> <!-- files.DnynamicJson2 -->
