<?xml version="1.0" encoding="UTF-8"?>
<!-- Generated by org.testng.reporters.JUnitReportReporter -->
<testsuite hostname="PRATIK" failures="0" tests="1" name="hashMapAsPayload.UseofHashMapAsPayload" time="4.478" errors="0" timestamp="2023-03-07T16:47:39 IST" skipped="0">
  <testcase classname="hashMapAsPayload.UseofHashMapAsPayload" name="addPlace" time="4.478"/>
  <system-out/>
</testsuite> <!-- hashMapAsPayload.UseofHashMapAsPayload -->
