<?xml version="1.0" encoding="UTF-8"?>
<!-- Generated by org.testng.reporters.JUnitReportReporter -->
<testsuite hostname="PRATIK" failures="0" tests="1" name="files.DnynamicJson" time="2.630" errors="0" timestamp="2023-03-02T10:10:00 IST" skipped="0">
  <testcase classname="files.DnynamicJson" name="addBook" time="2.630"/>
  <system-out/>
</testsuite> <!-- files.DnynamicJson -->
